someone joined
someone left
someone joined
11:35 => https://p.scdn.co/mp3-preview/2dc001a8d4bb5666dfb8b5d544b73d3ec0e3a92a?cid=58badec970054680a1d3ca7de64f0ff1
11:35 => https://p.scdn.co/mp3-preview/28c1195dcc64c65223ed1f439886d50f4ded7ba6?cid=58badec970054680a1d3ca7de64f0ff1
someone joined
someone left
someone joined
someone left
someone joined
11:43 => https://p.scdn.co/mp3-preview/92d40a2ae211cceb264e9ee1e67fe05f4d788200?cid=58badec970054680a1d3ca7de64f0ff1
11:43 => safd
11:43 => https://p.scdn.co/mp3-preview/c27897e8eb4c0910e052c9beb6711432f3630879?cid=58badec970054680a1d3ca7de64f0ff1
someone left
someone joined
11:45 => https://p.scdn.co/mp3-preview/92d40a2ae211cceb264e9ee1e67fe05f4d788200?cid=58badec970054680a1d3ca7de64f0ff1
someone left
someone left
someone joined
11:46 => https://p.scdn.co/mp3-preview/c27897e8eb4c0910e052c9beb6711432f3630879?cid=58badec970054680a1d3ca7de64f0ff1
11:46 => https://p.scdn.co/mp3-preview/2dc001a8d4bb5666dfb8b5d544b73d3ec0e3a92a?cid=58badec970054680a1d3ca7de64f0ff1
11:46 => dd
11:46 => https://p.scdn.co/mp3-preview/28c1195dcc64c65223ed1f439886d50f4ded7ba6?cid=58badec970054680a1d3ca7de64f0ff1
someone left
someone joined
someone left
someone left
someone joined
13:14 => https://p.scdn.co/mp3-preview/92d40a2ae211cceb264e9ee1e67fe05f4d788200?cid=58badec970054680a1d3ca7de64f0ff1
someone left
someone joined
13:16 => https://p.scdn.co/mp3-preview/95cb9df1b056d759920b5e85ad7f9aff0a390671?cid=58badec970054680a1d3ca7de64f0ff1
13:16 => https://p.scdn.co/mp3-preview/cb1ae1f9e2f874dd2d19e4c29edb552777eb1e7a?cid=58badec970054680a1d3ca7de64f0ff1
someone joined
13:16 => https://p.scdn.co/mp3-preview/c119ca773ef844108da21c4679dc54c007cf0926?cid=58badec970054680a1d3ca7de64f0ff1
13:16 => gfds
13:16 => https://p.scdn.co/mp3-preview/b1640815319b2df5ddfac27a28f016319a281468?cid=58badec970054680a1d3ca7de64f0ff1
13:16 => gd
13:16 => https://p.scdn.co/mp3-preview/a05bd081296b317e2872717f1f9f2f997491799d?cid=58badec970054680a1d3ca7de64f0ff1
13:17 => https://p.scdn.co/mp3-preview/60b6c7ebaf88ac8b40bfa6fd27e90877aaaff9f9?cid=58badec970054680a1d3ca7de64f0ff1
someone left
someone joined
someone left
someone left
someone joined
14:33 => https://p.scdn.co/mp3-preview/f5c8203c517a906dd581e0faeca84d1e0206c8b6?cid=58badec970054680a1d3ca7de64f0ff1
14:33 => https://p.scdn.co/mp3-preview/f5c8203c517a906dd581e0faeca84d1e0206c8b6?cid=58badec970054680a1d3ca7de64f0ff1
14:33 => https://p.scdn.co/mp3-preview/f5c8203c517a906dd581e0faeca84d1e0206c8b6?cid=58badec970054680a1d3ca7de64f0ff1
someone left
someone joined
14:33 => https://p.scdn.co/mp3-preview/0b52f57189a7bb1229df5d092289c5a3a0811a06?cid=58badec970054680a1d3ca7de64f0ff1
14:34 => https://p.scdn.co/mp3-preview/0b52f57189a7bb1229df5d092289c5a3a0811a06?cid=58badec970054680a1d3ca7de64f0ff1
14:35 => https://p.scdn.co/mp3-preview/0b52f57189a7bb1229df5d092289c5a3a0811a06?cid=58badec970054680a1d3ca7de64f0ff1
14:35 => https://p.scdn.co/mp3-preview/0e36103f9c968a7f07d502003a109c314f36ae9c?cid=58badec970054680a1d3ca7de64f0ff1
14:35 => https://p.scdn.co/mp3-preview/60b6c7ebaf88ac8b40bfa6fd27e90877aaaff9f9?cid=58badec970054680a1d3ca7de64f0ff1
someone left
someone joined
14:35 => https://p.scdn.co/mp3-preview/f5c8203c517a906dd581e0faeca84d1e0206c8b6?cid=58badec970054680a1d3ca7de64f0ff1
someone left
someone joined
someone left
someone joined
14:36 => https://p.scdn.co/mp3-preview/0b52f57189a7bb1229df5d092289c5a3a0811a06?cid=58badec970054680a1d3ca7de64f0ff1
14:39 => https://p.scdn.co/mp3-preview/0b52f57189a7bb1229df5d092289c5a3a0811a06?cid=58badec970054680a1d3ca7de64f0ff1
14:39 => https://p.scdn.co/mp3-preview/0b52f57189a7bb1229df5d092289c5a3a0811a06?cid=58badec970054680a1d3ca7de64f0ff1
14:39 => https://p.scdn.co/mp3-preview/0b52f57189a7bb1229df5d092289c5a3a0811a06?cid=58badec970054680a1d3ca7de64f0ff1
someone left
someone joined
14:40 => https://p.scdn.co/mp3-preview/a05bd081296b317e2872717f1f9f2f997491799d?cid=58badec970054680a1d3ca7de64f0ff1
14:41 => https://p.scdn.co/mp3-preview/a05bd081296b317e2872717f1f9f2f997491799d?cid=58badec970054680a1d3ca7de64f0ff1
someone left
someone joined
14:41 => fds
14:41 => https://p.scdn.co/mp3-preview/a05bd081296b317e2872717f1f9f2f997491799d?cid=58badec970054680a1d3ca7de64f0ff1
14:42 => https://p.scdn.co/mp3-preview/a05bd081296b317e2872717f1f9f2f997491799d?cid=58badec970054680a1d3ca7de64f0ff1
14:42 => https://p.scdn.co/mp3-preview/a05bd081296b317e2872717f1f9f2f997491799d?cid=58badec970054680a1d3ca7de64f0ff1
someone left
someone joined
14:42 => https://p.scdn.co/mp3-preview/0e36103f9c968a7f07d502003a109c314f36ae9c?cid=58badec970054680a1d3ca7de64f0ff1
14:42 => d
14:42 => https://p.scdn.co/mp3-preview/0b52f57189a7bb1229df5d092289c5a3a0811a06?cid=58badec970054680a1d3ca7de64f0ff1
14:43 => https://p.scdn.co/mp3-preview/0b52f57189a7bb1229df5d092289c5a3a0811a06?cid=58badec970054680a1d3ca7de64f0ff1
14:43 => https://p.scdn.co/mp3-preview/0b52f57189a7bb1229df5d092289c5a3a0811a06?cid=58badec970054680a1d3ca7de64f0ff1
14:43 => https://p.scdn.co/mp3-preview/0b52f57189a7bb1229df5d092289c5a3a0811a06?cid=58badec970054680a1d3ca7de64f0ff1
someone left
someone joined
14:43 => d
14:43 => https://p.scdn.co/mp3-preview/60b6c7ebaf88ac8b40bfa6fd27e90877aaaff9f9?cid=58badec970054680a1d3ca7de64f0ff1
someone left
someone joined
someone left
someone joined
someone left
someone joined
14:48 => https://p.scdn.co/mp3-preview/0b52f57189a7bb1229df5d092289c5a3a0811a06?cid=58badec970054680a1d3ca7de64f0ff1
14:48 => fdsf
14:48 => f
14:48 => https://p.scdn.co/mp3-preview/0e36103f9c968a7f07d502003a109c314f36ae9c?cid=58badec970054680a1d3ca7de64f0ff1
14:49 => https://p.scdn.co/mp3-preview/0e36103f9c968a7f07d502003a109c314f36ae9c?cid=58badec970054680a1d3ca7de64f0ff1
someone left
14:49 => https://p.scdn.co/mp3-preview/a05bd081296b317e2872717f1f9f2f997491799d?cid=58badec970054680a1d3ca7de64f0ff1
14:49 => ds
14:49 => https://p.scdn.co/mp3-preview/0e36103f9c968a7f07d502003a109c314f36ae9c?cid=58badec970054680a1d3ca7de64f0ff1
14:49 => dsa
14:49 => https://p.scdn.co/mp3-preview/0e36103f9c968a7f07d502003a109c314f36ae9c?cid=58badec970054680a1d3ca7de64f0ff1
14:50 => https://p.scdn.co/mp3-preview/0b52f57189a7bb1229df5d092289c5a3a0811a06?cid=58badec970054680a1d3ca7de64f0ff1
14:50 => https://p.scdn.co/mp3-preview/0b52f57189a7bb1229df5d092289c5a3a0811a06?cid=58badec970054680a1d3ca7de64f0ff1
14:50 => https://p.scdn.co/mp3-preview/0b52f57189a7bb1229df5d092289c5a3a0811a06?cid=58badec970054680a1d3ca7de64f0ff1
14:50 => https://p.scdn.co/mp3-preview/f5c8203c517a906dd581e0faeca84d1e0206c8b6?cid=58badec970054680a1d3ca7de64f0ff1
14:51 => https://p.scdn.co/mp3-preview/189a20e3dcd6208297eac62343777b27229886a6?cid=58badec970054680a1d3ca7de64f0ff1
14:51 => https://p.scdn.co/mp3-preview/4651a15070f7830d76c5648d57414ecbb792a49e?cid=58badec970054680a1d3ca7de64f0ff1
someone left
someone joined
14:51 => d
14:51 => https://p.scdn.co/mp3-preview/60b6c7ebaf88ac8b40bfa6fd27e90877aaaff9f9?cid=58badec970054680a1d3ca7de64f0ff1
14:53 => https://p.scdn.co/mp3-preview/60b6c7ebaf88ac8b40bfa6fd27e90877aaaff9f9?cid=58badec970054680a1d3ca7de64f0ff1
someone left
someone joined
14:53 => https://p.scdn.co/mp3-preview/60b6c7ebaf88ac8b40bfa6fd27e90877aaaff9f9?cid=58badec970054680a1d3ca7de64f0ff1
14:54 => https://p.scdn.co/mp3-preview/60b6c7ebaf88ac8b40bfa6fd27e90877aaaff9f9?cid=58badec970054680a1d3ca7de64f0ff1
14:55 => https://p.scdn.co/mp3-preview/60b6c7ebaf88ac8b40bfa6fd27e90877aaaff9f9?cid=58badec970054680a1d3ca7de64f0ff1
14:55 => https://p.scdn.co/mp3-preview/60b6c7ebaf88ac8b40bfa6fd27e90877aaaff9f9?cid=58badec970054680a1d3ca7de64f0ff1
someone left
someone joined
someone left
someone joined
someone left
someone joined
14:57 => fdsa
14:57 => https://p.scdn.co/mp3-preview/60b6c7ebaf88ac8b40bfa6fd27e90877aaaff9f9?cid=58badec970054680a1d3ca7de64f0ff1
14:58 => https://p.scdn.co/mp3-preview/60b6c7ebaf88ac8b40bfa6fd27e90877aaaff9f9?cid=58badec970054680a1d3ca7de64f0ff1
someone left
someone joined
14:58 => fdsa
14:59 => https://p.scdn.co/mp3-preview/60b6c7ebaf88ac8b40bfa6fd27e90877aaaff9f9?cid=58badec970054680a1d3ca7de64f0ff1
14:59 => https://p.scdn.co/mp3-preview/60b6c7ebaf88ac8b40bfa6fd27e90877aaaff9f9?cid=58badec970054680a1d3ca7de64f0ff1
someone left
someone joined
14:59 => https://p.scdn.co/mp3-preview/189a20e3dcd6208297eac62343777b27229886a6?cid=58badec970054680a1d3ca7de64f0ff1
15:00 => https://p.scdn.co/mp3-preview/189a20e3dcd6208297eac62343777b27229886a6?cid=58badec970054680a1d3ca7de64f0ff1
someone left
someone joined
15:01 => https://p.scdn.co/mp3-preview/a05bd081296b317e2872717f1f9f2f997491799d?cid=58badec970054680a1d3ca7de64f0ff1
15:01 => d
15:01 => https://p.scdn.co/mp3-preview/a05bd081296b317e2872717f1f9f2f997491799d?cid=58badec970054680a1d3ca7de64f0ff1
someone left
someone joined
15:02 => d
15:02 => https://p.scdn.co/mp3-preview/0e36103f9c968a7f07d502003a109c314f36ae9c?cid=58badec970054680a1d3ca7de64f0ff1
someone left
someone joined
15:05 => https://p.scdn.co/mp3-preview/60b6c7ebaf88ac8b40bfa6fd27e90877aaaff9f9?cid=58badec970054680a1d3ca7de64f0ff1
someone left
someone joined
15:06 => https://p.scdn.co/mp3-preview/60b6c7ebaf88ac8b40bfa6fd27e90877aaaff9f9?cid=58badec970054680a1d3ca7de64f0ff1
15:06 => fdsa
15:06 => https://p.scdn.co/mp3-preview/0e36103f9c968a7f07d502003a109c314f36ae9c?cid=58badec970054680a1d3ca7de64f0ff1
15:06 => https://p.scdn.co/mp3-preview/0b52f57189a7bb1229df5d092289c5a3a0811a06?cid=58badec970054680a1d3ca7de64f0ff1
someone left
someone joined
15:06 => d
15:06 => https://p.scdn.co/mp3-preview/f5c8203c517a906dd581e0faeca84d1e0206c8b6?cid=58badec970054680a1d3ca7de64f0ff1
15:06 => https://p.scdn.co/mp3-preview/189a20e3dcd6208297eac62343777b27229886a6?cid=58badec970054680a1d3ca7de64f0ff1
15:08 => https://p.scdn.co/mp3-preview/189a20e3dcd6208297eac62343777b27229886a6?cid=58badec970054680a1d3ca7de64f0ff1
15:08 => https://p.scdn.co/mp3-preview/607315960e28cee97c6f0daa980dd826dc7f4c5a?cid=58badec970054680a1d3ca7de64f0ff1
someone left
someone joined
15:09 => dsa
15:09 => https://p.scdn.co/mp3-preview/607315960e28cee97c6f0daa980dd826dc7f4c5a?cid=58badec970054680a1d3ca7de64f0ff1
15:09 => https://p.scdn.co/mp3-preview/607315960e28cee97c6f0daa980dd826dc7f4c5a?cid=58badec970054680a1d3ca7de64f0ff1
someone left
someone joined
15:10 => https://p.scdn.co/mp3-preview/a05bd081296b317e2872717f1f9f2f997491799d?cid=58badec970054680a1d3ca7de64f0ff1
someone left
someone joined
someone left
someone joined
15:25 => https://p.scdn.co/mp3-preview/cb1ae1f9e2f874dd2d19e4c29edb552777eb1e7a?cid=58badec970054680a1d3ca7de64f0ff1
15:25 => vvvv
15:25 => https://p.scdn.co/mp3-preview/c119ca773ef844108da21c4679dc54c007cf0926?cid=58badec970054680a1d3ca7de64f0ff1
someone left
someone joined
15:26 => vvvv
someone left
someone joined
15:28 => https://p.scdn.co/mp3-preview/95cb9df1b056d759920b5e85ad7f9aff0a390671?cid=58badec970054680a1d3ca7de64f0ff1
15:29 => https://p.scdn.co/mp3-preview/95cb9df1b056d759920b5e85ad7f9aff0a390671?cid=58badec970054680a1d3ca7de64f0ff1
someone left
someone joined
15:33 => https://p.scdn.co/mp3-preview/cb1ae1f9e2f874dd2d19e4c29edb552777eb1e7a?cid=58badec970054680a1d3ca7de64f0ff1
someone left
someone joined
someone joined
someone left
someone joined
someone joined
15:41 => https://p.scdn.co/mp3-preview/95cb9df1b056d759920b5e85ad7f9aff0a390671?cid=58badec970054680a1d3ca7de64f0ff1
someone left
someone joined
someone joined
15:42 => https://p.scdn.co/mp3-preview/95cb9df1b056d759920b5e85ad7f9aff0a390671?cid=58badec970054680a1d3ca7de64f0ff1
15:42 => https://p.scdn.co/mp3-preview/95cb9df1b056d759920b5e85ad7f9aff0a390671?cid=58badec970054680a1d3ca7de64f0ff1
15:43 => x
someone left
someone joined
someone joined
15:48 => https://p.scdn.co/mp3-preview/c119ca773ef844108da21c4679dc54c007cf0926?cid=58badec970054680a1d3ca7de64f0ff1
someone left
someone joined
someone joined
15:49 => https://p.scdn.co/mp3-preview/cb1ae1f9e2f874dd2d19e4c29edb552777eb1e7a?cid=58badec970054680a1d3ca7de64f0ff1
someone left
someone joined
someone joined
15:51 => https://p.scdn.co/mp3-preview/95cb9df1b056d759920b5e85ad7f9aff0a390671?cid=58badec970054680a1d3ca7de64f0ff1
15:52 => https://p.scdn.co/mp3-preview/d36ebf2b3d829b008bfea00bca48536fa510b6f0?cid=58badec970054680a1d3ca7de64f0ff1
15:53 => https://p.scdn.co/mp3-preview/d36ebf2b3d829b008bfea00bca48536fa510b6f0?cid=58badec970054680a1d3ca7de64f0ff1
15:54 => https://p.scdn.co/mp3-preview/0e36103f9c968a7f07d502003a109c314f36ae9c?cid=58badec970054680a1d3ca7de64f0ff1
someone left
someone joined
someone joined
15:55 => https://p.scdn.co/mp3-preview/cb1ae1f9e2f874dd2d19e4c29edb552777eb1e7a?cid=58badec970054680a1d3ca7de64f0ff1
15:55 => dd
15:55 => d
someone left
someone joined
someone joined
15:57 => fds
15:57 => https://p.scdn.co/mp3-preview/95cb9df1b056d759920b5e85ad7f9aff0a390671?cid=58badec970054680a1d3ca7de64f0ff1
someone left
someone joined
someone joined
15:57 => https://p.scdn.co/mp3-preview/95cb9df1b056d759920b5e85ad7f9aff0a390671?cid=58badec970054680a1d3ca7de64f0ff1
15:57 => fd
15:58 => https://p.scdn.co/mp3-preview/cb1ae1f9e2f874dd2d19e4c29edb552777eb1e7a?cid=58badec970054680a1d3ca7de64f0ff1
someone left
someone joined
someone joined
15:58 => https://p.scdn.co/mp3-preview/95cb9df1b056d759920b5e85ad7f9aff0a390671?cid=58badec970054680a1d3ca7de64f0ff1
15:58 => fdsa
someone left
someone joined
someone joined
15:59 => https://p.scdn.co/mp3-preview/95cb9df1b056d759920b5e85ad7f9aff0a390671?cid=58badec970054680a1d3ca7de64f0ff1
15:59 => d
someone left
someone joined
someone joined
15:59 => https://p.scdn.co/mp3-preview/95cb9df1b056d759920b5e85ad7f9aff0a390671?cid=58badec970054680a1d3ca7de64f0ff1
someone left
someone joined
someone joined
16:00 => https://p.scdn.co/mp3-preview/cb1ae1f9e2f874dd2d19e4c29edb552777eb1e7a?cid=58badec970054680a1d3ca7de64f0ff1
16:00 => https://p.scdn.co/mp3-preview/95cb9df1b056d759920b5e85ad7f9aff0a390671?cid=58badec970054680a1d3ca7de64f0ff1
16:01 => https://p.scdn.co/mp3-preview/c119ca773ef844108da21c4679dc54c007cf0926?cid=58badec970054680a1d3ca7de64f0ff1
someone left
someone joined
someone joined
16:01 => https://p.scdn.co/mp3-preview/cb1ae1f9e2f874dd2d19e4c29edb552777eb1e7a?cid=58badec970054680a1d3ca7de64f0ff1
someone left
someone joined
someone joined
16:03 => https://p.scdn.co/mp3-preview/95cb9df1b056d759920b5e85ad7f9aff0a390671?cid=58badec970054680a1d3ca7de64f0ff1
someone left
someone joined
someone joined
16:03 => https://p.scdn.co/mp3-preview/cb1ae1f9e2f874dd2d19e4c29edb552777eb1e7a?cid=58badec970054680a1d3ca7de64f0ff1
16:04 => https://p.scdn.co/mp3-preview/95cb9df1b056d759920b5e85ad7f9aff0a390671?cid=58badec970054680a1d3ca7de64f0ff1
someone left
someone joined
someone joined
16:05 => https://p.scdn.co/mp3-preview/cb1ae1f9e2f874dd2d19e4c29edb552777eb1e7a?cid=58badec970054680a1d3ca7de64f0ff1
16:05 => https://p.scdn.co/mp3-preview/95cb9df1b056d759920b5e85ad7f9aff0a390671?cid=58badec970054680a1d3ca7de64f0ff1
someone left
someone joined
someone joined
16:05 => https://p.scdn.co/mp3-preview/95cb9df1b056d759920b5e85ad7f9aff0a390671?cid=58badec970054680a1d3ca7de64f0ff1
16:05 => https://p.scdn.co/mp3-preview/c119ca773ef844108da21c4679dc54c007cf0926?cid=58badec970054680a1d3ca7de64f0ff1
someone left
someone joined
someone joined
16:06 => https://p.scdn.co/mp3-preview/cb1ae1f9e2f874dd2d19e4c29edb552777eb1e7a?cid=58badec970054680a1d3ca7de64f0ff1
someone joined
someone joined
16:06 => https://p.scdn.co/mp3-preview/cb1ae1f9e2f874dd2d19e4c29edb552777eb1e7a?cid=58badec970054680a1d3ca7de64f0ff1
16:06 => https://p.scdn.co/mp3-preview/c119ca773ef844108da21c4679dc54c007cf0926?cid=58badec970054680a1d3ca7de64f0ff1
16:06 => e
16:06 => https://p.scdn.co/mp3-preview/b1640815319b2df5ddfac27a28f016319a281468?cid=58badec970054680a1d3ca7de64f0ff1
16:07 => e
16:07 => https://p.scdn.co/mp3-preview/bb0a310830636ebf8e5f6a1fa03d129a9724f7ec?cid=58badec970054680a1d3ca7de64f0ff1
16:07 => https://p.scdn.co/mp3-preview/d36ebf2b3d829b008bfea00bca48536fa510b6f0?cid=58badec970054680a1d3ca7de64f0ff1
16:08 => https://p.scdn.co/mp3-preview/0e36103f9c968a7f07d502003a109c314f36ae9c?cid=58badec970054680a1d3ca7de64f0ff1
16:08 => c
16:10 => https://p.scdn.co/mp3-preview/cb1ae1f9e2f874dd2d19e4c29edb552777eb1e7a?cid=58badec970054680a1d3ca7de64f0ff1
16:10 => https://p.scdn.co/mp3-preview/c119ca773ef844108da21c4679dc54c007cf0926?cid=58badec970054680a1d3ca7de64f0ff1
16:13 => https://p.scdn.co/mp3-preview/c119ca773ef844108da21c4679dc54c007cf0926?cid=58badec970054680a1d3ca7de64f0ff1
16:13 => https://p.scdn.co/mp3-preview/c119ca773ef844108da21c4679dc54c007cf0926?cid=58badec970054680a1d3ca7de64f0ff1
someone left
someone joined
someone joined
16:13 => https://p.scdn.co/mp3-preview/95cb9df1b056d759920b5e85ad7f9aff0a390671?cid=58badec970054680a1d3ca7de64f0ff1
16:14 => https://p.scdn.co/mp3-preview/95cb9df1b056d759920b5e85ad7f9aff0a390671?cid=58badec970054680a1d3ca7de64f0ff1
someone left
someone joined
someone joined
16:14 => https://p.scdn.co/mp3-preview/95cb9df1b056d759920b5e85ad7f9aff0a390671?cid=58badec970054680a1d3ca7de64f0ff1
16:14 => https://p.scdn.co/mp3-preview/95cb9df1b056d759920b5e85ad7f9aff0a390671?cid=58badec970054680a1d3ca7de64f0ff1
someone left
someone joined
someone joined
16:15 => d
16:15 => https://p.scdn.co/mp3-preview/95cb9df1b056d759920b5e85ad7f9aff0a390671?cid=58badec970054680a1d3ca7de64f0ff1
16:16 => https://p.scdn.co/mp3-preview/95cb9df1b056d759920b5e85ad7f9aff0a390671?cid=58badec970054680a1d3ca7de64f0ff1
16:17 => https://p.scdn.co/mp3-preview/cb1ae1f9e2f874dd2d19e4c29edb552777eb1e7a?cid=58badec970054680a1d3ca7de64f0ff1
16:17 => f
someone left
someone joined
someone joined
16:17 => ff
16:18 => ll
someone left
someone joined
someone joined
16:18 => vvv
16:18 => dd
someone left
someone joined
someone joined
16:22 => vvvv
16:22 => vvvvv
someone left
someone joined
someone joined
someone left
someone joined
someone joined
16:23 => fdsa
16:23 => fdsa
16:23 => vvv
16:24 => sss
16:24 => ddd
16:24 => ddd
16:27 => https://p.scdn.co/mp3-preview/95cb9df1b056d759920b5e85ad7f9aff0a390671?cid=58badec970054680a1d3ca7de64f0ff1
someone left
someone left
someone joined
someone joined
someone joined
someone joined
16:27 => vvv
16:28 => cc
16:28 => https://p.scdn.co/mp3-preview/95cb9df1b056d759920b5e85ad7f9aff0a390671?cid=58badec970054680a1d3ca7de64f0ff1
16:32 => s
16:34 => https://p.scdn.co/mp3-preview/95cb9df1b056d759920b5e85ad7f9aff0a390671?cid=58badec970054680a1d3ca7de64f0ff1
16:34 => https://p.scdn.co/mp3-preview/d36ebf2b3d829b008bfea00bca48536fa510b6f0?cid=58badec970054680a1d3ca7de64f0ff1
16:34 => https://p.scdn.co/mp3-preview/0e36103f9c968a7f07d502003a109c314f36ae9c?cid=58badec970054680a1d3ca7de64f0ff1
16:35 => https://p.scdn.co/mp3-preview/99475c9d11e4df26ca9d1460fbe0654e687d79e0?cid=58badec970054680a1d3ca7de64f0ff1
16:35 => https://p.scdn.co/mp3-preview/dca7402083b8dbf0e2a5e91f49eb76bde94cd493?cid=58badec970054680a1d3ca7de64f0ff1
16:36 => https://p.scdn.co/mp3-preview/f5c8203c517a906dd581e0faeca84d1e0206c8b6?cid=58badec970054680a1d3ca7de64f0ff1
someone left
someone left
someone joined
someone joined
someone joined
someone joined
16:36 => c
16:36 => cc
16:36 => https://p.scdn.co/mp3-preview/95cb9df1b056d759920b5e85ad7f9aff0a390671?cid=58badec970054680a1d3ca7de64f0ff1
16:36 => https://p.scdn.co/mp3-preview/cb1ae1f9e2f874dd2d19e4c29edb552777eb1e7a?cid=58badec970054680a1d3ca7de64f0ff1
someone left
someone joined
someone joined
someone left
someone joined
someone joined
16:37 => cc
16:37 => vv
16:37 => https://p.scdn.co/mp3-preview/95cb9df1b056d759920b5e85ad7f9aff0a390671?cid=58badec970054680a1d3ca7de64f0ff1
16:41 => https://p.scdn.co/mp3-preview/cb1ae1f9e2f874dd2d19e4c29edb552777eb1e7a?cid=58badec970054680a1d3ca7de64f0ff1
someone left
someone joined
someone joined
16:42 => https://p.scdn.co/mp3-preview/95cb9df1b056d759920b5e85ad7f9aff0a390671?cid=58badec970054680a1d3ca7de64f0ff1
someone left
someone joined
someone joined
16:43 => https://p.scdn.co/mp3-preview/b1640815319b2df5ddfac27a28f016319a281468?cid=58badec970054680a1d3ca7de64f0ff1
16:43 => https://p.scdn.co/mp3-preview/bb0a310830636ebf8e5f6a1fa03d129a9724f7ec?cid=58badec970054680a1d3ca7de64f0ff1
16:54 => https://p.scdn.co/mp3-preview/d36ebf2b3d829b008bfea00bca48536fa510b6f0?cid=58badec970054680a1d3ca7de64f0ff1
16:54 => https://p.scdn.co/mp3-preview/0e36103f9c968a7f07d502003a109c314f36ae9c?cid=58badec970054680a1d3ca7de64f0ff1
17:02 => https://p.scdn.co/mp3-preview/0e36103f9c968a7f07d502003a109c314f36ae9c?cid=58badec970054680a1d3ca7de64f0ff1
17:02 => https://p.scdn.co/mp3-preview/0e36103f9c968a7f07d502003a109c314f36ae9c?cid=58badec970054680a1d3ca7de64f0ff1
17:04 => https://p.scdn.co/mp3-preview/0e36103f9c968a7f07d502003a109c314f36ae9c?cid=58badec970054680a1d3ca7de64f0ff1
someone left
someone joined
someone joined
17:05 => ss
someone left
someone joined
someone joined
17:05 => ccc
17:05 => s
someone left
someone joined
someone joined
17:05 => v
17:05 => c
someone left
someone joined
someone joined
17:06 => v
17:06 => c
someone left
someone joined
someone joined
17:07 => ccccc
17:07 => d
someone left
someone joined
someone joined
17:07 => c
17:07 => c
someone left
someone joined
someone joined
17:08 => c
17:09 => c
someone left
someone joined
someone joined
17:09 => d
17:09 => ccc
17:09 => https://p.scdn.co/mp3-preview/c119ca773ef844108da21c4679dc54c007cf0926?cid=58badec970054680a1d3ca7de64f0ff1
17:10 => https://p.scdn.co/mp3-preview/c119ca773ef844108da21c4679dc54c007cf0926?cid=58badec970054680a1d3ca7de64f0ff1
17:10 => https://p.scdn.co/mp3-preview/c119ca773ef844108da21c4679dc54c007cf0926?cid=58badec970054680a1d3ca7de64f0ff1
someone left
someone left
someone joined
someone joined
someone joined
someone joined
17:10 => v
17:10 => v
17:10 => vvvvv
17:11 => d
17:12 => https://p.scdn.co/mp3-preview/95cb9df1b056d759920b5e85ad7f9aff0a390671?cid=58badec970054680a1d3ca7de64f0ff1
someone left
someone joined
someone joined
someone left
someone joined
someone joined
someone left
someone joined
someone joined
someone joined
17:19 => https://p.scdn.co/mp3-preview/95cb9df1b056d759920b5e85ad7f9aff0a390671?cid=58badec970054680a1d3ca7de64f0ff1
someone joined
17:19 => https://p.scdn.co/mp3-preview/95cb9df1b056d759920b5e85ad7f9aff0a390671?cid=58badec970054680a1d3ca7de64f0ff1
someone joined
someone joined
someone joined
someone joined
17:19 => https://p.scdn.co/mp3-preview/95cb9df1b056d759920b5e85ad7f9aff0a390671?cid=58badec970054680a1d3ca7de64f0ff1
someone left
someone joined
someone joined
17:19 => https://p.scdn.co/mp3-preview/95cb9df1b056d759920b5e85ad7f9aff0a390671?cid=58badec970054680a1d3ca7de64f0ff1
someone left
someone joined
someone joined
someone left
someone joined
someone joined
someone left
someone joined
someone joined
someone left
someone joined
someone joined
someone left
someone joined
someone joined
someone left
someone left
someone left
someone joined
someone joined
someone left
someone joined
someone joined
someone left
someone joined
someone joined
17:24 => https://p.scdn.co/mp3-preview/95cb9df1b056d759920b5e85ad7f9aff0a390671?cid=58badec970054680a1d3ca7de64f0ff1
17:25 => fff
17:25 => https://p.scdn.co/mp3-preview/cb1ae1f9e2f874dd2d19e4c29edb552777eb1e7a?cid=58badec970054680a1d3ca7de64f0ff1
17:25 => fff
17:25 => https://p.scdn.co/mp3-preview/c119ca773ef844108da21c4679dc54c007cf0926?cid=58badec970054680a1d3ca7de64f0ff1
someone left
someone joined
someone joined
17:25 => ff
17:25 => https://p.scdn.co/mp3-preview/b1640815319b2df5ddfac27a28f016319a281468?cid=58badec970054680a1d3ca7de64f0ff1
17:25 => https://p.scdn.co/mp3-preview/2dc001a8d4bb5666dfb8b5d544b73d3ec0e3a92a?cid=58badec970054680a1d3ca7de64f0ff1
17:25 => https://p.scdn.co/mp3-preview/28c1195dcc64c65223ed1f439886d50f4ded7ba6?cid=58badec970054680a1d3ca7de64f0ff1
someone left
someone joined
someone joined
17:26 => cccc
17:26 => https://p.scdn.co/mp3-preview/bb0a310830636ebf8e5f6a1fa03d129a9724f7ec?cid=58badec970054680a1d3ca7de64f0ff1
17:26 => https://p.scdn.co/mp3-preview/d36ebf2b3d829b008bfea00bca48536fa510b6f0?cid=58badec970054680a1d3ca7de64f0ff1
someone left
someone joined
someone joined
17:36 => https://p.scdn.co/mp3-preview/c119ca773ef844108da21c4679dc54c007cf0926?cid=58badec970054680a1d3ca7de64f0ff1
17:37 => https://p.scdn.co/mp3-preview/b1640815319b2df5ddfac27a28f016319a281468?cid=58badec970054680a1d3ca7de64f0ff1
17:43 => c
17:43 => https://p.scdn.co/mp3-preview/bb0a310830636ebf8e5f6a1fa03d129a9724f7ec?cid=58badec970054680a1d3ca7de64f0ff1
17:43 => c
17:44 => https://p.scdn.co/mp3-preview/d36ebf2b3d829b008bfea00bca48536fa510b6f0?cid=58badec970054680a1d3ca7de64f0ff1
17:44 => https://p.scdn.co/mp3-preview/0e36103f9c968a7f07d502003a109c314f36ae9c?cid=58badec970054680a1d3ca7de64f0ff1
17:45 => https://p.scdn.co/mp3-preview/99475c9d11e4df26ca9d1460fbe0654e687d79e0?cid=58badec970054680a1d3ca7de64f0ff1
17:45 => https://p.scdn.co/mp3-preview/dca7402083b8dbf0e2a5e91f49eb76bde94cd493?cid=58badec970054680a1d3ca7de64f0ff1
17:46 => https://p.scdn.co/mp3-preview/f5c8203c517a906dd581e0faeca84d1e0206c8b6?cid=58badec970054680a1d3ca7de64f0ff1
someone left
someone joined
someone joined
17:55 => https://p.scdn.co/mp3-preview/d36ebf2b3d829b008bfea00bca48536fa510b6f0?cid=58badec970054680a1d3ca7de64f0ff1
someone joined
someone joined
18:03 => https://p.scdn.co/mp3-preview/cb1ae1f9e2f874dd2d19e4c29edb552777eb1e7a?cid=58badec970054680a1d3ca7de64f0ff1
someone left
someone joined
someone joined
18:04 => https://p.scdn.co/mp3-preview/b1640815319b2df5ddfac27a28f016319a281468?cid=58badec970054680a1d3ca7de64f0ff1
someone left
someone joined
someone joined
18:07 => https://p.scdn.co/mp3-preview/95cb9df1b056d759920b5e85ad7f9aff0a390671?cid=58badec970054680a1d3ca7de64f0ff1
18:08 => vinod
someone left
someone joined
someone joined
18:09 => joshi
18:09 => https://p.scdn.co/mp3-preview/cb1ae1f9e2f874dd2d19e4c29edb552777eb1e7a?cid=58badec970054680a1d3ca7de64f0ff1
18:09 => hi
18:09 => https://p.scdn.co/mp3-preview/c119ca773ef844108da21c4679dc54c007cf0926?cid=58badec970054680a1d3ca7de64f0ff1
18:10 => https://p.scdn.co/mp3-preview/b1640815319b2df5ddfac27a28f016319a281468?cid=58badec970054680a1d3ca7de64f0ff1
18:10 => https://p.scdn.co/mp3-preview/bb0a310830636ebf8e5f6a1fa03d129a9724f7ec?cid=58badec970054680a1d3ca7de64f0ff1
18:11 => https://p.scdn.co/mp3-preview/d36ebf2b3d829b008bfea00bca48536fa510b6f0?cid=58badec970054680a1d3ca7de64f0ff1
18:11 => https://p.scdn.co/mp3-preview/0e36103f9c968a7f07d502003a109c314f36ae9c?cid=58badec970054680a1d3ca7de64f0ff1
someone left
someone joined
someone joined
18:20 => 
18:20 => jdfjgk
18:20 => jdfjgk
someone left
someone joined
someone joined
18:21 => ds
18:21 => jdfjgk
18:21 => https://p.scdn.co/mp3-preview/95cb9df1b056d759920b5e85ad7f9aff0a390671?cid=58badec970054680a1d3ca7de64f0ff1
18:21 => jdfjgk
18:21 => https://p.scdn.co/mp3-preview/cb1ae1f9e2f874dd2d19e4c29edb552777eb1e7a?cid=58badec970054680a1d3ca7de64f0ff1
18:21 => https://p.scdn.co/mp3-preview/c119ca773ef844108da21c4679dc54c007cf0926?cid=58badec970054680a1d3ca7de64f0ff1
18:21 => https://p.scdn.co/mp3-preview/b1640815319b2df5ddfac27a28f016319a281468?cid=58badec970054680a1d3ca7de64f0ff1
18:21 => https://p.scdn.co/mp3-preview/bb0a310830636ebf8e5f6a1fa03d129a9724f7ec?cid=58badec970054680a1d3ca7de64f0ff1
18:21 => https://p.scdn.co/mp3-preview/d36ebf2b3d829b008bfea00bca48536fa510b6f0?cid=58badec970054680a1d3ca7de64f0ff1
18:21 => https://p.scdn.co/mp3-preview/0e36103f9c968a7f07d502003a109c314f36ae9c?cid=58badec970054680a1d3ca7de64f0ff1
18:21 => https://p.scdn.co/mp3-preview/99475c9d11e4df26ca9d1460fbe0654e687d79e0?cid=58badec970054680a1d3ca7de64f0ff1
someone left
someone joined
someone joined
18:21 => dd
18:21 => https://p.scdn.co/mp3-preview/95cb9df1b056d759920b5e85ad7f9aff0a390671?cid=58badec970054680a1d3ca7de64f0ff1
someone left
someone joined
someone joined
someone left
someone left
someone left
someone joined
someone joined
10:51 => ddddddddd
someone joined
someone joined
10:51 => d
10:52 => https://p.scdn.co/mp3-preview/92d40a2ae211cceb264e9ee1e67fe05f4d788200?cid=58badec970054680a1d3ca7de64f0ff1
someone left
someone joined
someone joined
10:52 => https://p.scdn.co/mp3-preview/c27897e8eb4c0910e052c9beb6711432f3630879?cid=58badec970054680a1d3ca7de64f0ff1
someone joined
someone joined
10:53 => dfghj
10:53 => dfghj
someone left
10:53 => https://p.scdn.co/mp3-preview/2dc001a8d4bb5666dfb8b5d544b73d3ec0e3a92a?cid=58badec970054680a1d3ca7de64f0ff1
10:53 => https://p.scdn.co/mp3-preview/28c1195dcc64c65223ed1f439886d50f4ded7ba6?cid=58badec970054680a1d3ca7de64f0ff1
10:54 => dfghj
someone left
someone left
someone joined
someone joined
19:16 => fdsa
someone left
someone joined
someone joined
someone joined
someone joined
19:18 => gfds
19:18 => https://p.scdn.co/mp3-preview/95cb9df1b056d759920b5e85ad7f9aff0a390671?cid=58badec970054680a1d3ca7de64f0ff1
19:18 => as
someone left
someone joined
someone joined
19:18 => fds
someone left
19:18 => https://p.scdn.co/mp3-preview/95cb9df1b056d759920b5e85ad7f9aff0a390671?cid=58badec970054680a1d3ca7de64f0ff1
someone joined
someone joined
19:19 => https://p.scdn.co/mp3-preview/cb1ae1f9e2f874dd2d19e4c29edb552777eb1e7a?cid=58badec970054680a1d3ca7de64f0ff1
19:19 => https://p.scdn.co/mp3-preview/c119ca773ef844108da21c4679dc54c007cf0926?cid=58badec970054680a1d3ca7de64f0ff1
someone joined
someone joined
19:19 => fdsa
19:19 => https://p.scdn.co/mp3-preview/b1640815319b2df5ddfac27a28f016319a281468?cid=58badec970054680a1d3ca7de64f0ff1
someone left
someone joined
someone joined
19:19 => https://p.scdn.co/mp3-preview/bb0a310830636ebf8e5f6a1fa03d129a9724f7ec?cid=58badec970054680a1d3ca7de64f0ff1
someone left
someone joined
someone joined
19:20 => https://p.scdn.co/mp3-preview/95cb9df1b056d759920b5e85ad7f9aff0a390671?cid=58badec970054680a1d3ca7de64f0ff1
19:20 => https://p.scdn.co/mp3-preview/cb1ae1f9e2f874dd2d19e4c29edb552777eb1e7a?cid=58badec970054680a1d3ca7de64f0ff1
19:20 => d
someone left
someone joined
someone joined
19:20 => ghf
19:20 => https://p.scdn.co/mp3-preview/c119ca773ef844108da21c4679dc54c007cf0926?cid=58badec970054680a1d3ca7de64f0ff1
19:20 => https://p.scdn.co/mp3-preview/b1640815319b2df5ddfac27a28f016319a281468?cid=58badec970054680a1d3ca7de64f0ff1
19:20 => https://p.scdn.co/mp3-preview/bb0a310830636ebf8e5f6a1fa03d129a9724f7ec?cid=58badec970054680a1d3ca7de64f0ff1
19:21 => https://p.scdn.co/mp3-preview/d36ebf2b3d829b008bfea00bca48536fa510b6f0?cid=58badec970054680a1d3ca7de64f0ff1
19:21 => https://p.scdn.co/mp3-preview/0e36103f9c968a7f07d502003a109c314f36ae9c?cid=58badec970054680a1d3ca7de64f0ff1
19:22 => https://p.scdn.co/mp3-preview/99475c9d11e4df26ca9d1460fbe0654e687d79e0?cid=58badec970054680a1d3ca7de64f0ff1
someone left
someone left
someone joined
someone joined
19:22 => https://p.scdn.co/mp3-preview/dca7402083b8dbf0e2a5e91f49eb76bde94cd493?cid=58badec970054680a1d3ca7de64f0ff1
19:23 => Jaspreet
19:23 => https://p.scdn.co/mp3-preview/f5c8203c517a906dd581e0faeca84d1e0206c8b6?cid=58badec970054680a1d3ca7de64f0ff1
19:23 => https://p.scdn.co/mp3-preview/95cb9df1b056d759920b5e85ad7f9aff0a390671?cid=58badec970054680a1d3ca7de64f0ff1
19:23 => https://p.scdn.co/mp3-preview/cb1ae1f9e2f874dd2d19e4c29edb552777eb1e7a?cid=58badec970054680a1d3ca7de64f0ff1
19:23 => https://p.scdn.co/mp3-preview/c119ca773ef844108da21c4679dc54c007cf0926?cid=58badec970054680a1d3ca7de64f0ff1
19:23 => https://p.scdn.co/mp3-preview/b1640815319b2df5ddfac27a28f016319a281468?cid=58badec970054680a1d3ca7de64f0ff1
someone left
19:24 => hgg
19:24 => fgd
someone left
someone joined
someone joined
19:24 => https://p.scdn.co/mp3-preview/bb0a310830636ebf8e5f6a1fa03d129a9724f7ec?cid=58badec970054680a1d3ca7de64f0ff1
19:24 => jas
19:24 => https://p.scdn.co/mp3-preview/d36ebf2b3d829b008bfea00bca48536fa510b6f0?cid=58badec970054680a1d3ca7de64f0ff1
19:24 => https://p.scdn.co/mp3-preview/0e36103f9c968a7f07d502003a109c314f36ae9c?cid=58badec970054680a1d3ca7de64f0ff1
19:24 => https://p.scdn.co/mp3-preview/99475c9d11e4df26ca9d1460fbe0654e687d79e0?cid=58badec970054680a1d3ca7de64f0ff1
19:24 => https://p.scdn.co/mp3-preview/dca7402083b8dbf0e2a5e91f49eb76bde94cd493?cid=58badec970054680a1d3ca7de64f0ff1
19:24 => https://p.scdn.co/mp3-preview/f5c8203c517a906dd581e0faeca84d1e0206c8b6?cid=58badec970054680a1d3ca7de64f0ff1
19:24 => https://p.scdn.co/mp3-preview/95cb9df1b056d759920b5e85ad7f9aff0a390671?cid=58badec970054680a1d3ca7de64f0ff1
19:25 => https://p.scdn.co/mp3-preview/cb1ae1f9e2f874dd2d19e4c29edb552777eb1e7a?cid=58badec970054680a1d3ca7de64f0ff1
19:25 => vbvfbncv
19:25 => https://p.scdn.co/mp3-preview/c119ca773ef844108da21c4679dc54c007cf0926?cid=58badec970054680a1d3ca7de64f0ff1
19:25 => https://p.scdn.co/mp3-preview/b1640815319b2df5ddfac27a28f016319a281468?cid=58badec970054680a1d3ca7de64f0ff1
19:25 => https://p.scdn.co/mp3-preview/bb0a310830636ebf8e5f6a1fa03d129a9724f7ec?cid=58badec970054680a1d3ca7de64f0ff1
19:26 => https://p.scdn.co/mp3-preview/d36ebf2b3d829b008bfea00bca48536fa510b6f0?cid=58badec970054680a1d3ca7de64f0ff1
19:26 => gfds
19:26 => gfds
19:26 => https://p.scdn.co/mp3-preview/0e36103f9c968a7f07d502003a109c314f36ae9c?cid=58badec970054680a1d3ca7de64f0ff1
19:26 => https://p.scdn.co/mp3-preview/95cb9df1b056d759920b5e85ad7f9aff0a390671?cid=58badec970054680a1d3ca7de64f0ff1
19:26 => https://p.scdn.co/mp3-preview/c119ca773ef844108da21c4679dc54c007cf0926?cid=58badec970054680a1d3ca7de64f0ff1
19:26 => https://p.scdn.co/mp3-preview/bb0a310830636ebf8e5f6a1fa03d129a9724f7ec?cid=58badec970054680a1d3ca7de64f0ff1
19:26 => https://p.scdn.co/mp3-preview/99475c9d11e4df26ca9d1460fbe0654e687d79e0?cid=58badec970054680a1d3ca7de64f0ff1
19:27 => https://p.scdn.co/mp3-preview/99475c9d11e4df26ca9d1460fbe0654e687d79e0?cid=58badec970054680a1d3ca7de64f0ff1
19:27 => https://p.scdn.co/mp3-preview/dca7402083b8dbf0e2a5e91f49eb76bde94cd493?cid=58badec970054680a1d3ca7de64f0ff1
19:28 => https://p.scdn.co/mp3-preview/f5c8203c517a906dd581e0faeca84d1e0206c8b6?cid=58badec970054680a1d3ca7de64f0ff1
19:30 => https://p.scdn.co/mp3-preview/95cb9df1b056d759920b5e85ad7f9aff0a390671?cid=58badec970054680a1d3ca7de64f0ff1
